<?xml version="1.0" encoding="UTF-8"?>
<!-- Generated by org.testng.reporters.JUnitXMLReporter -->
<testsuite ignored="0" hostname="DESKTOP-3DCMKBJ" failures="2" tests="4" name="Pacific Power" time="28.904" errors="0" timestamp="25 Apr 2019 07:18:43 GMT">
  <testcase classname="com.PacificPower.Test.FacebookTest" name="clickOnDummy" time="0.418">
    <failure type="junit.framework.AssertionFailedError">
      <![CDATA[junit.framework.AssertionFailedError
at junit.framework.Assert.fail(Assert.java:47)
at junit.framework.Assert.assertTrue(Assert.java:20)
at junit.framework.Assert.assertTrue(Assert.java:27)
at com.PacificPower.Utility.Utility.verifyResult(Utility.java:51)
at com.PacificPower.PageObjects.FacebookHomePage.clickOnDummy(FacebookHomePage.java:24)
at com.PacificPower.Views.FacebookHomeView.clickOnDummy(FacebookHomeView.java:25)
at com.PacificPower.Test.FacebookTest.clickOnDummy(FacebookTest.java:37)
... Removed 25 stack frames]]>
    </failure>
  </testcase> <!-- clickOnDummy -->
  <testcase classname="com.PacificPower.Test.FacebookTest" name="facebookTest1" time="0.417"/>
  <testcase classname="com.PacificPower.Test.FacebookTest2" name="clickOnDummy1" time="0.396">
    <failure type="junit.framework.AssertionFailedError">
      <![CDATA[junit.framework.AssertionFailedError
at junit.framework.Assert.fail(Assert.java:47)
at junit.framework.Assert.assertTrue(Assert.java:20)
at junit.framework.Assert.assertTrue(Assert.java:27)
at com.PacificPower.Utility.Utility.verifyResult(Utility.java:51)
at com.PacificPower.PageObjects.FacebookHomePage.clickOnDummy(FacebookHomePage.java:24)
at com.PacificPower.Views.FacebookHomeView.clickOnDummy(FacebookHomeView.java:25)
at com.PacificPower.Test.FacebookTest2.clickOnDummy1(FacebookTest2.java:36)
... Removed 25 stack frames]]>
    </failure>
  </testcase> <!-- clickOnDummy1 -->
  <testcase classname="com.PacificPower.Test.FacebookTest2" name="facebookTest2" time="0.406"/>
</testsuite> <!-- Pacific Power -->
