<?xml version="1.0" encoding="UTF-8"?>
<testng-results skipped="0" failed="0" ignored="0" total="2" passed="2">
  <reporter-output>
  </reporter-output>
  <suite name="Default suite" duration-ms="7923" started-at="2019-04-14T11:49:38Z" finished-at="2019-04-14T11:49:46Z">
    <groups>
    </groups>
    <test name="Default test" duration-ms="7923" started-at="2019-04-14T11:49:38Z" finished-at="2019-04-14T11:49:46Z">
      <class name="com.PacificPower.Test.FacebookTest">
        <test-method status="PASS" signature="setUpEnvironment()[pri:0, instance:com.PacificPower.Test.FacebookTest@239963d8]" name="setUpEnvironment" is-config="true" duration-ms="6295" started-at="2019-04-14T11:49:38Z" finished-at="2019-04-14T11:49:45Z">
          <reporter-output>
          </reporter-output>
        </test-method> <!-- setUpEnvironment -->
        <test-method status="PASS" signature="clickOnDummy()[pri:0, instance:com.PacificPower.Test.FacebookTest@239963d8]" name="clickOnDummy" duration-ms="687" started-at="2019-04-14T11:49:45Z" finished-at="2019-04-14T11:49:45Z">
          <reporter-output>
          </reporter-output>
        </test-method> <!-- clickOnDummy -->
        <test-method status="PASS" signature="facebookTest1()[pri:0, instance:com.PacificPower.Test.FacebookTest@239963d8]" name="facebookTest1" duration-ms="306" started-at="2019-04-14T11:49:45Z" finished-at="2019-04-14T11:49:46Z">
          <reporter-output>
          </reporter-output>
        </test-method> <!-- facebookTest1 -->
        <test-method status="PASS" signature="afterClass()[pri:0, instance:com.PacificPower.Test.FacebookTest@239963d8]" name="afterClass" is-config="true" duration-ms="608" started-at="2019-04-14T11:49:46Z" finished-at="2019-04-14T11:49:46Z">
          <reporter-output>
          </reporter-output>
        </test-method> <!-- afterClass -->
      </class> <!-- com.PacificPower.Test.FacebookTest -->
    </test> <!-- Default test -->
  </suite> <!-- Default suite -->
</testng-results>
