<?xml version="1.0" encoding="UTF-8"?>
<testng-results ignored="0" total="4" passed="1" failed="2" skipped="1">
  <reporter-output>
  </reporter-output>
  <suite started-at="2019-08-15T09:14:11Z" name="New Framework Test Suite" finished-at="2019-08-15T09:15:03Z" duration-ms="51371">
    <groups>
    </groups>
    <test started-at="2019-08-15T09:14:11Z" name="Pacific Power" finished-at="2019-08-15T09:15:03Z" duration-ms="51371">
      <class name="com.PacificPower.Test.FacebookTest">
        <test-method is-config="true" signature="generateExtentReport()[pri:0, instance:com.PacificPower.Test.FacebookTest@29647f75]" started-at="2019-08-15T09:14:11Z" name="generateExtentReport" finished-at="2019-08-15T09:14:12Z" duration-ms="253" status="PASS">
          <reporter-output>
          </reporter-output>
        </test-method> <!-- generateExtentReport -->
        <test-method is-config="true" signature="setUpEnvironment()[pri:0, instance:com.PacificPower.Test.FacebookTest@29647f75]" started-at="2019-08-15T09:14:12Z" name="setUpEnvironment" finished-at="2019-08-15T09:14:41Z" duration-ms="29816" status="PASS">
          <reporter-output>
          </reporter-output>
        </test-method> <!-- setUpEnvironment -->
        <test-method is-config="true" signature="berforeMethod(java.lang.reflect.Method)[pri:0, instance:com.PacificPower.Test.FacebookTest@29647f75]" started-at="2019-08-15T09:14:42Z" name="berforeMethod" finished-at="2019-08-15T09:14:42Z" duration-ms="4" status="PASS">
          <params>
            <param index="0">
              <value>
                <![CDATA[public void com.PacificPower.Test.FacebookTest.clickOnDummy()]]>
              </value>
            </param>
          </params>
          <reporter-output>
          </reporter-output>
        </test-method> <!-- berforeMethod -->
        <test-method signature="clickOnDummy()[pri:0, instance:com.PacificPower.Test.FacebookTest@29647f75]" started-at="2019-08-15T09:14:42Z" name="clickOnDummy" finished-at="2019-08-15T09:14:43Z" duration-ms="1430" status="FAIL">
          <exception class="junit.framework.AssertionFailedError">
            <full-stacktrace>
              <![CDATA[junit.framework.AssertionFailedError
at junit.framework.Assert.fail(Assert.java:47)
at junit.framework.Assert.assertTrue(Assert.java:20)
at junit.framework.Assert.assertTrue(Assert.java:27)
at com.PacificPower.Utility.Utility.verifyResult(Utility.java:63)
at com.PacificPower.PageObjects.FacebookHomePage.clickOnDummy(FacebookHomePage.java:26)
at com.PacificPower.Views.FacebookHomeView.clickOnDummy(FacebookHomeView.java:31)
at com.PacificPower.Test.FacebookTest.clickOnDummy(FacebookTest.java:41)
at java.base/jdk.internal.reflect.NativeMethodAccessorImpl.invoke0(Native Method)
at java.base/jdk.internal.reflect.NativeMethodAccessorImpl.invoke(Unknown Source)
at java.base/jdk.internal.reflect.DelegatingMethodAccessorImpl.invoke(Unknown Source)
at java.base/java.lang.reflect.Method.invoke(Unknown Source)
at org.testng.internal.MethodInvocationHelper.invokeMethod(MethodInvocationHelper.java:124)
at org.testng.internal.Invoker.invokeMethod(Invoker.java:583)
at org.testng.internal.Invoker.invokeTestMethod(Invoker.java:719)
at org.testng.internal.Invoker.invokeTestMethods(Invoker.java:989)
at org.testng.internal.TestMethodWorker.invokeTestMethods(TestMethodWorker.java:125)
at org.testng.internal.TestMethodWorker.run(TestMethodWorker.java:109)
at org.testng.TestRunner.privateRun(TestRunner.java:648)
at org.testng.TestRunner.run(TestRunner.java:505)
at org.testng.SuiteRunner.runTest(SuiteRunner.java:455)
at org.testng.SuiteRunner.runSequentially(SuiteRunner.java:450)
at org.testng.SuiteRunner.privateRun(SuiteRunner.java:415)
at org.testng.SuiteRunner.run(SuiteRunner.java:364)
at org.testng.SuiteRunnerWorker.runSuite(SuiteRunnerWorker.java:52)
at org.testng.SuiteRunnerWorker.run(SuiteRunnerWorker.java:84)
at org.testng.TestNG.runSuitesSequentially(TestNG.java:1208)
at org.testng.TestNG.runSuitesLocally(TestNG.java:1137)
at org.testng.TestNG.runSuites(TestNG.java:1049)
at org.testng.TestNG.run(TestNG.java:1017)
at org.testng.remote.AbstractRemoteTestNG.run(AbstractRemoteTestNG.java:114)
at org.testng.remote.RemoteTestNG.initAndRun(RemoteTestNG.java:251)
at org.testng.remote.RemoteTestNG.main(RemoteTestNG.java:77)
]]>
            </full-stacktrace>
          </exception> <!-- junit.framework.AssertionFailedError -->
          <reporter-output>
          </reporter-output>
        </test-method> <!-- clickOnDummy -->
        <test-method is-config="true" signature="afterMethod()[pri:0, instance:com.PacificPower.Test.FacebookTest@29647f75]" started-at="2019-08-15T09:14:43Z" name="afterMethod" finished-at="2019-08-15T09:14:43Z" duration-ms="4" status="PASS">
          <reporter-output>
          </reporter-output>
        </test-method> <!-- afterMethod -->
        <test-method signature="facebookTest1()[pri:0, instance:com.PacificPower.Test.FacebookTest@29647f75]" started-at="2019-08-15T09:14:43Z" name="facebookTest1" finished-at="2019-08-15T09:14:44Z" duration-ms="905" status="PASS">
          <reporter-output>
          </reporter-output>
        </test-method> <!-- facebookTest1 -->
        <test-method is-config="true" signature="berforeMethod(java.lang.reflect.Method)[pri:0, instance:com.PacificPower.Test.FacebookTest@29647f75]" started-at="2019-08-15T09:14:43Z" name="berforeMethod" finished-at="2019-08-15T09:14:43Z" duration-ms="0" status="PASS">
          <params>
            <param index="0">
              <value>
                <![CDATA[public void com.PacificPower.Test.FacebookTest.facebookTest1()]]>
              </value>
            </param>
          </params>
          <reporter-output>
          </reporter-output>
        </test-method> <!-- berforeMethod -->
        <test-method is-config="true" signature="afterMethod()[pri:0, instance:com.PacificPower.Test.FacebookTest@29647f75]" started-at="2019-08-15T09:14:44Z" name="afterMethod" finished-at="2019-08-15T09:14:44Z" duration-ms="1" status="PASS">
          <reporter-output>
          </reporter-output>
        </test-method> <!-- afterMethod -->
        <test-method is-config="true" signature="afterClass()[pri:0, instance:com.PacificPower.Test.FacebookTest@29647f75]" started-at="2019-08-15T09:14:44Z" name="afterClass" finished-at="2019-08-15T09:14:45Z" duration-ms="862" status="PASS">
          <reporter-output>
          </reporter-output>
        </test-method> <!-- afterClass -->
        <test-method is-config="true" signature="closeReport()[pri:0, instance:com.PacificPower.Test.FacebookTest@29647f75]" started-at="2019-08-15T09:14:45Z" name="closeReport" finished-at="2019-08-15T09:14:48Z" duration-ms="2890" status="PASS">
          <reporter-output>
          </reporter-output>
        </test-method> <!-- closeReport -->
      </class> <!-- com.PacificPower.Test.FacebookTest -->
      <class name="com.PacificPower.Test.FacebookTest2">
        <test-method is-config="true" signature="generateExtentReport()[pri:0, instance:com.PacificPower.Test.FacebookTest2@3315d2d7]" started-at="2019-08-15T09:14:48Z" name="generateExtentReport" finished-at="2019-08-15T09:14:48Z" duration-ms="511" status="PASS">
          <reporter-output>
          </reporter-output>
        </test-method> <!-- generateExtentReport -->
        <test-method is-config="true" signature="setUpEnvironment()[pri:0, instance:com.PacificPower.Test.FacebookTest2@3315d2d7]" started-at="2019-08-15T09:14:48Z" name="setUpEnvironment" finished-at="2019-08-15T09:15:03Z" duration-ms="14304" status="PASS">
          <reporter-output>
          </reporter-output>
        </test-method> <!-- setUpEnvironment -->
        <test-method is-config="true" signature="berforeMethod(java.lang.reflect.Method)[pri:0, instance:com.PacificPower.Test.FacebookTest2@3315d2d7]" started-at="2019-08-15T09:15:03Z" name="berforeMethod" finished-at="2019-08-15T09:15:03Z" duration-ms="1" status="PASS">
          <params>
            <param index="0">
              <value>
                <![CDATA[public void com.PacificPower.Test.FacebookTest2.clickOnDummy1()]]>
              </value>
            </param>
          </params>
          <reporter-output>
          </reporter-output>
        </test-method> <!-- berforeMethod -->
        <test-method signature="clickOnDummy1()[pri:0, instance:com.PacificPower.Test.FacebookTest2@3315d2d7]" started-at="2019-08-15T09:15:03Z" name="clickOnDummy1" finished-at="2019-08-15T09:15:03Z" duration-ms="30" status="FAIL">
          <exception class="java.lang.NullPointerException">
            <full-stacktrace>
              <![CDATA[java.lang.NullPointerException
at com.PacificPower.Utility.Utility.verifyResult(Utility.java:48)
at com.PacificPower.PageObjects.FacebookHomePage.clickOnDummy(FacebookHomePage.java:26)
at com.PacificPower.Views.FacebookHomeView.clickOnDummy(FacebookHomeView.java:31)
at com.PacificPower.Test.FacebookTest2.clickOnDummy1(FacebookTest2.java:37)
at java.base/jdk.internal.reflect.NativeMethodAccessorImpl.invoke0(Native Method)
at java.base/jdk.internal.reflect.NativeMethodAccessorImpl.invoke(Unknown Source)
at java.base/jdk.internal.reflect.DelegatingMethodAccessorImpl.invoke(Unknown Source)
at java.base/java.lang.reflect.Method.invoke(Unknown Source)
at org.testng.internal.MethodInvocationHelper.invokeMethod(MethodInvocationHelper.java:124)
at org.testng.internal.Invoker.invokeMethod(Invoker.java:583)
at org.testng.internal.Invoker.invokeTestMethod(Invoker.java:719)
at org.testng.internal.Invoker.invokeTestMethods(Invoker.java:989)
at org.testng.internal.TestMethodWorker.invokeTestMethods(TestMethodWorker.java:125)
at org.testng.internal.TestMethodWorker.run(TestMethodWorker.java:109)
at org.testng.TestRunner.privateRun(TestRunner.java:648)
at org.testng.TestRunner.run(TestRunner.java:505)
at org.testng.SuiteRunner.runTest(SuiteRunner.java:455)
at org.testng.SuiteRunner.runSequentially(SuiteRunner.java:450)
at org.testng.SuiteRunner.privateRun(SuiteRunner.java:415)
at org.testng.SuiteRunner.run(SuiteRunner.java:364)
at org.testng.SuiteRunnerWorker.runSuite(SuiteRunnerWorker.java:52)
at org.testng.SuiteRunnerWorker.run(SuiteRunnerWorker.java:84)
at org.testng.TestNG.runSuitesSequentially(TestNG.java:1208)
at org.testng.TestNG.runSuitesLocally(TestNG.java:1137)
at org.testng.TestNG.runSuites(TestNG.java:1049)
at org.testng.TestNG.run(TestNG.java:1017)
at org.testng.remote.AbstractRemoteTestNG.run(AbstractRemoteTestNG.java:114)
at org.testng.remote.RemoteTestNG.initAndRun(RemoteTestNG.java:251)
at org.testng.remote.RemoteTestNG.main(RemoteTestNG.java:77)
]]>
            </full-stacktrace>
          </exception> <!-- java.lang.NullPointerException -->
          <reporter-output>
          </reporter-output>
        </test-method> <!-- clickOnDummy1 -->
        <test-method is-config="true" signature="afterMethod()[pri:0, instance:com.PacificPower.Test.FacebookTest2@3315d2d7]" started-at="2019-08-15T09:15:03Z" name="afterMethod" finished-at="2019-08-15T09:15:03Z" duration-ms="0" status="FAIL">
          <exception class="java.lang.NullPointerException">
            <full-stacktrace>
              <![CDATA[java.lang.NullPointerException
at com.PacificPower.Utility.ExtentReporterHelper.getResult(ExtentReporterHelper.java:49)
at com.PacificPower.generic.BaseTest.afterMethod(BaseTest.java:98)
at java.base/jdk.internal.reflect.NativeMethodAccessorImpl.invoke0(Native Method)
at java.base/jdk.internal.reflect.NativeMethodAccessorImpl.invoke(Unknown Source)
at java.base/jdk.internal.reflect.DelegatingMethodAccessorImpl.invoke(Unknown Source)
at java.base/java.lang.reflect.Method.invoke(Unknown Source)
at org.testng.internal.MethodInvocationHelper.invokeMethod(MethodInvocationHelper.java:124)
at org.testng.internal.MethodInvocationHelper.invokeMethodConsideringTimeout(MethodInvocationHelper.java:59)
at org.testng.internal.Invoker.invokeConfigurationMethod(Invoker.java:458)
at org.testng.internal.Invoker.invokeConfigurations(Invoker.java:222)
at org.testng.internal.Invoker.invokeMethod(Invoker.java:646)
at org.testng.internal.Invoker.invokeTestMethod(Invoker.java:719)
at org.testng.internal.Invoker.invokeTestMethods(Invoker.java:989)
at org.testng.internal.TestMethodWorker.invokeTestMethods(TestMethodWorker.java:125)
at org.testng.internal.TestMethodWorker.run(TestMethodWorker.java:109)
at org.testng.TestRunner.privateRun(TestRunner.java:648)
at org.testng.TestRunner.run(TestRunner.java:505)
at org.testng.SuiteRunner.runTest(SuiteRunner.java:455)
at org.testng.SuiteRunner.runSequentially(SuiteRunner.java:450)
at org.testng.SuiteRunner.privateRun(SuiteRunner.java:415)
at org.testng.SuiteRunner.run(SuiteRunner.java:364)
at org.testng.SuiteRunnerWorker.runSuite(SuiteRunnerWorker.java:52)
at org.testng.SuiteRunnerWorker.run(SuiteRunnerWorker.java:84)
at org.testng.TestNG.runSuitesSequentially(TestNG.java:1208)
at org.testng.TestNG.runSuitesLocally(TestNG.java:1137)
at org.testng.TestNG.runSuites(TestNG.java:1049)
at org.testng.TestNG.run(TestNG.java:1017)
at org.testng.remote.AbstractRemoteTestNG.run(AbstractRemoteTestNG.java:114)
at org.testng.remote.RemoteTestNG.initAndRun(RemoteTestNG.java:251)
at org.testng.remote.RemoteTestNG.main(RemoteTestNG.java:77)
]]>
            </full-stacktrace>
          </exception> <!-- java.lang.NullPointerException -->
          <reporter-output>
          </reporter-output>
        </test-method> <!-- afterMethod -->
        <test-method is-config="true" signature="berforeMethod(java.lang.reflect.Method)[pri:0, instance:com.PacificPower.Test.FacebookTest2@3315d2d7]" started-at="2019-08-15T09:15:03Z" name="berforeMethod" finished-at="2019-08-15T09:15:03Z" duration-ms="0" status="SKIP">
          <reporter-output>
          </reporter-output>
        </test-method> <!-- berforeMethod -->
        <test-method signature="facebookTest2()[pri:0, instance:com.PacificPower.Test.FacebookTest2@3315d2d7]" started-at="2019-08-15T09:15:03Z" name="facebookTest2" finished-at="2019-08-15T09:15:03Z" duration-ms="0" status="SKIP">
          <exception class="java.lang.NullPointerException">
            <full-stacktrace>
              <![CDATA[java.lang.NullPointerException
at com.PacificPower.Utility.ExtentReporterHelper.getResult(ExtentReporterHelper.java:49)
at com.PacificPower.generic.BaseTest.afterMethod(BaseTest.java:98)
at java.base/jdk.internal.reflect.NativeMethodAccessorImpl.invoke0(Native Method)
at java.base/jdk.internal.reflect.NativeMethodAccessorImpl.invoke(Unknown Source)
at java.base/jdk.internal.reflect.DelegatingMethodAccessorImpl.invoke(Unknown Source)
at java.base/java.lang.reflect.Method.invoke(Unknown Source)
at org.testng.internal.MethodInvocationHelper.invokeMethod(MethodInvocationHelper.java:124)
at org.testng.internal.MethodInvocationHelper.invokeMethodConsideringTimeout(MethodInvocationHelper.java:59)
at org.testng.internal.Invoker.invokeConfigurationMethod(Invoker.java:458)
at org.testng.internal.Invoker.invokeConfigurations(Invoker.java:222)
at org.testng.internal.Invoker.invokeMethod(Invoker.java:646)
at org.testng.internal.Invoker.invokeTestMethod(Invoker.java:719)
at org.testng.internal.Invoker.invokeTestMethods(Invoker.java:989)
at org.testng.internal.TestMethodWorker.invokeTestMethods(TestMethodWorker.java:125)
at org.testng.internal.TestMethodWorker.run(TestMethodWorker.java:109)
at org.testng.TestRunner.privateRun(TestRunner.java:648)
at org.testng.TestRunner.run(TestRunner.java:505)
at org.testng.SuiteRunner.runTest(SuiteRunner.java:455)
at org.testng.SuiteRunner.runSequentially(SuiteRunner.java:450)
at org.testng.SuiteRunner.privateRun(SuiteRunner.java:415)
at org.testng.SuiteRunner.run(SuiteRunner.java:364)
at org.testng.SuiteRunnerWorker.runSuite(SuiteRunnerWorker.java:52)
at org.testng.SuiteRunnerWorker.run(SuiteRunnerWorker.java:84)
at org.testng.TestNG.runSuitesSequentially(TestNG.java:1208)
at org.testng.TestNG.runSuitesLocally(TestNG.java:1137)
at org.testng.TestNG.runSuites(TestNG.java:1049)
at org.testng.TestNG.run(TestNG.java:1017)
at org.testng.remote.AbstractRemoteTestNG.run(AbstractRemoteTestNG.java:114)
at org.testng.remote.RemoteTestNG.initAndRun(RemoteTestNG.java:251)
at org.testng.remote.RemoteTestNG.main(RemoteTestNG.java:77)
]]>
            </full-stacktrace>
          </exception> <!-- java.lang.NullPointerException -->
          <reporter-output>
          </reporter-output>
        </test-method> <!-- facebookTest2 -->
        <test-method is-config="true" signature="afterMethod()[pri:0, instance:com.PacificPower.Test.FacebookTest2@3315d2d7]" started-at="2019-08-15T09:15:03Z" name="afterMethod" finished-at="2019-08-15T09:15:03Z" duration-ms="0" status="SKIP">
          <reporter-output>
          </reporter-output>
        </test-method> <!-- afterMethod -->
        <test-method is-config="true" signature="afterClass()[pri:0, instance:com.PacificPower.Test.FacebookTest2@3315d2d7]" started-at="2019-08-15T09:15:03Z" name="afterClass" finished-at="2019-08-15T09:15:03Z" duration-ms="0" status="SKIP">
          <reporter-output>
          </reporter-output>
        </test-method> <!-- afterClass -->
        <test-method is-config="true" signature="closeReport()[pri:0, instance:com.PacificPower.Test.FacebookTest2@3315d2d7]" started-at="2019-08-15T09:15:03Z" name="closeReport" finished-at="2019-08-15T09:15:03Z" duration-ms="0" status="SKIP">
          <reporter-output>
          </reporter-output>
        </test-method> <!-- closeReport -->
      </class> <!-- com.PacificPower.Test.FacebookTest2 -->
    </test> <!-- Pacific Power -->
  </suite> <!-- New Framework Test Suite -->
</testng-results>
